@!@!@STARTMSG 2262:0 @!@!@
TLC2 Version 2.19 of 08 August 2024 (rev: 5a47802)
@!@!@ENDMSG 2262 @!@!@
@!@!@STARTMSG 2187:0 @!@!@
Running breadth-first search Model-Checking with fp 96 and seed 3905043490670669937 with 6 workers on 12 cores with 596MB heap and 1337MB offheap memory [pid: 10508] (Windows 10 10.0 amd64, AdoptOpenJDK 14.0.1 x86_64, OffHeapDiskFPSet, DiskStateQueue).
@!@!@ENDMSG 2187 @!@!@
@!@!@STARTMSG 2220:0 @!@!@
Starting SANY...
@!@!@ENDMSG 2220 @!@!@
Parsing file D:\IIT Bhubaneswar\Academics\MTP\MTPUbuntu\tla_specs\QLogTrace3.toolbox\monopacket_fail\MC.tla
Parsing file D:\IIT Bhubaneswar\Academics\MTP\MTPUbuntu\tla_specs\QLogTrace3.toolbox\monopacket_fail\QLogTrace3.tla
Parsing file C:\Users\r29ag\Downloads\TLAToolbox-1.7.4-win32.win32.x86_64\toolbox\plugins\org.lamport.tlatools_1.0.0.202408081326\tla2sany\StandardModules\TLC.tla
Parsing file C:\Users\r29ag\Downloads\TLAToolbox-1.7.4-win32.win32.x86_64\toolbox\plugins\org.lamport.tlatools_1.0.0.202408081326\tla2sany\StandardModules\Sequences.tla
Parsing file C:\Users\r29ag\Downloads\TLAToolbox-1.7.4-win32.win32.x86_64\toolbox\plugins\org.lamport.tlatools_1.0.0.202408081326\tla2sany\StandardModules\FiniteSets.tla
Parsing file C:\Users\r29ag\Downloads\TLAToolbox-1.7.4-win32.win32.x86_64\toolbox\plugins\org.lamport.tlatools_1.0.0.202408081326\tla2sany\StandardModules\Naturals.tla
Semantic processing of module Naturals
Semantic processing of module Sequences
Semantic processing of module FiniteSets
Semantic processing of module TLC
Semantic processing of module QLogTrace3
Semantic processing of module MC
@!@!@STARTMSG 2219:0 @!@!@
SANY finished.
@!@!@ENDMSG 2219 @!@!@
@!@!@STARTMSG 2185:0 @!@!@
Starting... (2025-05-05 18:43:34)
@!@!@ENDMSG 2185 @!@!@
@!@!@STARTMSG 2189:0 @!@!@
Computing initial states...
@!@!@ENDMSG 2189 @!@!@
@!@!@STARTMSG 2108:1 @!@!@
Property Safety_PktNosMonotonic is violated by the initial state:
/\ ci = 1
/\ si = 1

@!@!@ENDMSG 2108 @!@!@
@!@!@STARTMSG 2186:0 @!@!@
Finished in 1133ms at (2025-05-05 18:43:35)
@!@!@ENDMSG 2186 @!@!@
