@!@!@STARTMSG 2262:0 @!@!@
TLC2 Version 2.19 of 08 August 2024 (rev: 5a47802)
@!@!@ENDMSG 2262 @!@!@
@!@!@STARTMSG 2187:0 @!@!@
Running breadth-first search Model-Checking with fp 27 and seed 3401117553961454800 with 6 workers on 12 cores with 596MB heap and 1337MB offheap memory [pid: 24592] (Windows 10 10.0 amd64, AdoptOpenJDK 14.0.1 x86_64, OffHeapDiskFPSet, DiskStateQueue).
@!@!@ENDMSG 2187 @!@!@
@!@!@STARTMSG 2220:0 @!@!@
Starting SANY...
@!@!@ENDMSG 2220 @!@!@
Parsing file D:\IIT Bhubaneswar\Academics\MTP\MTPUbuntu\tla_specs\QLogTrace3.toolbox\Model_1\MC.tla
Parsing file D:\IIT Bhubaneswar\Academics\MTP\MTPUbuntu\tla_specs\QLogTrace3.toolbox\Model_1\QLogTrace3.tla
Parsing file C:\Users\r29ag\Downloads\TLAToolbox-1.7.4-win32.win32.x86_64\toolbox\plugins\org.lamport.tlatools_1.0.0.202408081326\tla2sany\StandardModules\TLC.tla
Parsing file C:\Users\r29ag\Downloads\TLAToolbox-1.7.4-win32.win32.x86_64\toolbox\plugins\org.lamport.tlatools_1.0.0.202408081326\tla2sany\StandardModules\Sequences.tla
Parsing file C:\Users\r29ag\Downloads\TLAToolbox-1.7.4-win32.win32.x86_64\toolbox\plugins\org.lamport.tlatools_1.0.0.202408081326\tla2sany\StandardModules\FiniteSets.tla
Parsing file C:\Users\r29ag\Downloads\TLAToolbox-1.7.4-win32.win32.x86_64\toolbox\plugins\org.lamport.tlatools_1.0.0.202408081326\tla2sany\StandardModules\Naturals.tla
Semantic processing of module Naturals
Semantic processing of module Sequences
Semantic processing of module FiniteSets
Semantic processing of module TLC
Semantic processing of module QLogTrace3
Semantic processing of module MC
@!@!@STARTMSG 2219:0 @!@!@
SANY finished.
@!@!@ENDMSG 2219 @!@!@
@!@!@STARTMSG 2185:0 @!@!@
Starting... (2025-04-30 00:54:37)
@!@!@ENDMSG 2185 @!@!@
@!@!@STARTMSG 2105:1 @!@!@
Evaluating assumption line 64, col 8 to line 64, col 66 of module MC failed.
@!@!@STARTMSG 2280:0 @!@!@
In evaluation, the identifier ci is either undefined or not an operator.
line 63, col 28 to line 63, col 29 of module QLogTrace3
@!@!@ENDMSG 2280 @!@!@
@!@!@ENDMSG 2105 @!@!@
@!@!@STARTMSG 2186:0 @!@!@
Finished in 1024ms at (2025-04-30 00:54:38)
@!@!@ENDMSG 2186 @!@!@
