@!@!@STARTMSG 2262:0 @!@!@
TLC2 Version 2.19 of 08 August 2024 (rev: 5a47802)
@!@!@ENDMSG 2262 @!@!@
@!@!@STARTMSG 2187:0 @!@!@
Running breadth-first search Model-Checking with fp 43 and seed 8663163622569336609 with 6 workers on 12 cores with 596MB heap and 1337MB offheap memory [pid: 12240] (Windows 10 10.0 amd64, AdoptOpenJDK 14.0.1 x86_64, OffHeapDiskFPSet, DiskStateQueue).
@!@!@ENDMSG 2187 @!@!@
@!@!@STARTMSG 2220:0 @!@!@
Starting SANY...
@!@!@ENDMSG 2220 @!@!@
Parsing file D:\IIT Bhubaneswar\Academics\MTP\MTPUbuntu\tla_specs\QLogTrace3.toolbox\Model_2\MC.tla
Parsing file D:\IIT Bhubaneswar\Academics\MTP\MTPUbuntu\tla_specs\QLogTrace3.toolbox\Model_2\QLogTrace3.tla
Parsing file C:\Users\r29ag\Downloads\TLAToolbox-1.7.4-win32.win32.x86_64\toolbox\plugins\org.lamport.tlatools_1.0.0.202408081326\tla2sany\StandardModules\TLC.tla
Parsing file C:\Users\r29ag\Downloads\TLAToolbox-1.7.4-win32.win32.x86_64\toolbox\plugins\org.lamport.tlatools_1.0.0.202408081326\tla2sany\StandardModules\Sequences.tla
Parsing file C:\Users\r29ag\Downloads\TLAToolbox-1.7.4-win32.win32.x86_64\toolbox\plugins\org.lamport.tlatools_1.0.0.202408081326\tla2sany\StandardModules\FiniteSets.tla
Parsing file C:\Users\r29ag\Downloads\TLAToolbox-1.7.4-win32.win32.x86_64\toolbox\plugins\org.lamport.tlatools_1.0.0.202408081326\tla2sany\StandardModules\Naturals.tla
Semantic processing of module Naturals
Semantic processing of module Sequences
Semantic processing of module FiniteSets
Semantic processing of module TLC
Semantic processing of module QLogTrace3
Semantic processing of module MC
@!@!@STARTMSG 2219:0 @!@!@
SANY finished.
@!@!@ENDMSG 2219 @!@!@
@!@!@STARTMSG 2185:0 @!@!@
Starting... (2025-04-30 07:51:24)
@!@!@ENDMSG 2185 @!@!@
@!@!@STARTMSG 2189:0 @!@!@
Computing initial states...
@!@!@ENDMSG 2189 @!@!@
@!@!@STARTMSG 2102:1 @!@!@
TLC encountered a non-enumerable quantifier bound
<<[frame_type |-> "handshake_done"]>>.
line 39, col 38 to line 39, col 43 of module QLogTrace3
While working on the initial state:
/\ ci = 1
/\ si = 1

@!@!@ENDMSG 2102 @!@!@
@!@!@STARTMSG 2103:1 @!@!@
The error occurred when TLC was evaluating the nested
expressions at the following positions:
0. Line 49, column 9 to line 49, column 24 in QLogTrace3
1. Line 49, column 9 to line 49, column 14 in QLogTrace3
2. Line 49, column 19 to line 49, column 24 in QLogTrace3
3. Line 120, column 3 to line 125, column 37 in QLogTrace3
4. Line 121, column 5 to line 125, column 37 in QLogTrace3
5. Line 125, column 8 to line 125, column 37 in QLogTrace3
6. Line 125, column 8 to line 125, column 26 in QLogTrace3
7. Line 125, column 8 to line 125, column 12 in QLogTrace3
8. Line 123, column 16 to line 123, column 118 in QLogTrace3
9. Line 123, column 19 to line 123, column 55 in QLogTrace3
10. Line 123, column 19 to line 123, column 50 in QLogTrace3
11. Line 42, column 31 to line 42, column 108 in QLogTrace3
12. Line 42, column 70 to line 42, column 107 in QLogTrace3
13. Line 39, column 29 to line 39, column 108 in QLogTrace3


@!@!@ENDMSG 2103 @!@!@
@!@!@STARTMSG 2201:0 @!@!@
The coverage statistics at 2025-04-30 07:51:25
@!@!@ENDMSG 2201 @!@!@
@!@!@STARTMSG 2773:0 @!@!@
<Init line 49, col 1 to line 49, col 4 of module QLogTrace3>: 2:2
@!@!@ENDMSG 2773 @!@!@
@!@!@STARTMSG 2221:0 @!@!@
  line 49, col 9 to line 49, col 24 of module QLogTrace3: 2
@!@!@ENDMSG 2221 @!@!@
@!@!@STARTMSG 2772:0 @!@!@
<ClientStep line 51, col 1 to line 51, col 10 of module QLogTrace3>: 0:0
@!@!@ENDMSG 2772 @!@!@
@!@!@STARTMSG 2221:0 @!@!@
  line 51, col 40 to line 51, col 51 of module QLogTrace3: 0
@!@!@ENDMSG 2221 @!@!@
@!@!@STARTMSG 2221:0 @!@!@
  line 51, col 56 to line 51, col 63 of module QLogTrace3: 0
@!@!@ENDMSG 2221 @!@!@
@!@!@STARTMSG 2772:0 @!@!@
<ServerStep line 53, col 1 to line 53, col 10 of module QLogTrace3>: 0:0
@!@!@ENDMSG 2772 @!@!@
@!@!@STARTMSG 2221:0 @!@!@
  line 53, col 40 to line 53, col 47 of module QLogTrace3: 0
@!@!@ENDMSG 2221 @!@!@
@!@!@STARTMSG 2221:0 @!@!@
  line 53, col 52 to line 53, col 61 of module QLogTrace3: 0
@!@!@ENDMSG 2221 @!@!@
@!@!@STARTMSG 2772:0 @!@!@
<Stutter line 55, col 1 to line 55, col 7 of module QLogTrace3>: 0:0
@!@!@ENDMSG 2772 @!@!@
@!@!@STARTMSG 2221:0 @!@!@
  line 56, col 15 to line 56, col 22 of module QLogTrace3: 0
@!@!@ENDMSG 2221 @!@!@
@!@!@STARTMSG 2221:0 @!@!@
  line 56, col 27 to line 56, col 34 of module QLogTrace3: 0
@!@!@ENDMSG 2221 @!@!@
@!@!@STARTMSG 2202:0 @!@!@
End of statistics.
@!@!@ENDMSG 2202 @!@!@
@!@!@STARTMSG 2200:0 @!@!@
Progress(1) at 2025-04-30 07:51:25: 1 states generated (61 s/min), 1 distinct states found (61 ds/min), 1 states left on queue.
@!@!@ENDMSG 2200 @!@!@
@!@!@STARTMSG 2199:0 @!@!@
1 states generated, 1 distinct states found, 1 states left on queue.
@!@!@ENDMSG 2199 @!@!@
@!@!@STARTMSG 2186:0 @!@!@
Finished in 977ms at (2025-04-30 07:51:25)
@!@!@ENDMSG 2186 @!@!@
